<?xml version="1.0" encoding="UTF-8"?>
<!-- Generated by org.testng.reporters.JUnitReportReporter -->
<testsuite hostname="RohiniMurugappa" failures="0" tests="5" name="testCases.TC003_LoginDataDrivenTest" time="42.477" errors="0" timestamp="2026-07-22T22:20:36 IST" skipped="0">
  <testcase classname="testCases.TC003_LoginDataDrivenTest" name="verify_login_DDT" time="12.433"/>
  <testcase classname="testCases.TC003_LoginDataDrivenTest" name="verify_login_DDT" time="3.454"/>
  <testcase classname="testCases.TC003_LoginDataDrivenTest" name="verify_login_DDT" time="2.757"/>
  <testcase classname="testCases.TC003_LoginDataDrivenTest" name="verify_login_DDT" time="11.932"/>
  <testcase classname="testCases.TC003_LoginDataDrivenTest" name="verify_login_DDT" time="11.901"/>
</testsuite> <!-- testCases.TC003_LoginDataDrivenTest -->
